<?xml version="1.0" encoding="UTF-8"?>
<!-- Generated by org.testng.reporters.JUnitReportReporter -->
<testsuite hostname="HDC4-LX-C60K2B3" failures="0" tests="3" name="Test_Scenarios.TestMethod_PageFactory_2" time="21.488" errors="0" timestamp="2024-05-02T13:39:40 IST" skipped="0">
  <testcase classname="Test_Scenarios.TestMethod_PageFactory_2" name="googleSearch" time="1.566"/>
  <testcase classname="Test_Scenarios.TestMethod_PageFactory_2" name="amazonURL" time="9.881"/>
  <testcase classname="Test_Scenarios.TestMethod_PageFactory_2" name="amazonLogin" time="10.041"/>
</testsuite> <!-- Test_Scenarios.TestMethod_PageFactory_2 -->
