<?xml version="1.0" encoding="UTF-8"?>
<!-- Generated by org.testng.reporters.JUnitReportReporter -->
<testsuite hostname="HDC4-LX-C60K2B3" failures="0" tests="3" name="Test_Scenarios.TestMethod_GoogleSearch" time="17.331" errors="0" timestamp="2024-05-02T12:35:48 IST" skipped="0">
  <testcase classname="Test_Scenarios.TestMethod_GoogleSearch" name="googleSearch" time="4.460"/>
  <testcase classname="Test_Scenarios.TestMethod_GoogleSearch" name="amazonURL" time="4.843"/>
  <testcase classname="Test_Scenarios.TestMethod_GoogleSearch" name="amazonLogin" time="8.028"/>
</testsuite> <!-- Test_Scenarios.TestMethod_GoogleSearch -->
